<?xml version="1.0" encoding="UTF-8"?>
<testng-results ignored="0" total="2" passed="2" failed="0" skipped="0">
  <reporter-output>
  </reporter-output>
  <suite started-at="2021-02-01T14:05:54 EST" name="Default suite" finished-at="2021-02-01T14:05:54 EST" duration-ms="78">
    <groups>
    </groups>
    <test started-at="2021-02-01T14:05:54 EST" name="Default test" finished-at="2021-02-01T14:05:54 EST" duration-ms="78">
      <class name="TestNG.All_annotations_execution">
        <test-method is-config="true" signature="beforeSuite()[pri:0, instance:TestNG.All_annotations_execution@2d52216b]" started-at="2021-02-01T14:05:54 EST" name="beforeSuite" finished-at="2021-02-01T14:05:54 EST" duration-ms="19" status="PASS">
          <reporter-output>
          </reporter-output>
        </test-method> <!-- beforeSuite -->
        <test-method is-config="true" signature="beforeTest()[pri:0, instance:TestNG.All_annotations_execution@2d52216b]" started-at="2021-02-01T14:05:54 EST" name="beforeTest" finished-at="2021-02-01T14:05:54 EST" duration-ms="1" status="PASS">
          <reporter-output>
          </reporter-output>
        </test-method> <!-- beforeTest -->
        <test-method is-config="true" signature="beforeClass()[pri:0, instance:TestNG.All_annotations_execution@2d52216b]" started-at="2021-02-01T14:05:54 EST" name="beforeClass" finished-at="2021-02-01T14:05:54 EST" duration-ms="1" status="PASS">
          <reporter-output>
          </reporter-output>
        </test-method> <!-- beforeClass -->
        <test-method is-config="true" signature="beforeMethod()[pri:0, instance:TestNG.All_annotations_execution@2d52216b]" started-at="2021-02-01T14:05:54 EST" name="beforeMethod" finished-at="2021-02-01T14:05:54 EST" duration-ms="0" status="PASS">
          <reporter-output>
          </reporter-output>
        </test-method> <!-- beforeMethod -->
        <test-method signature="test()[pri:0, instance:TestNG.All_annotations_execution@2d52216b]" started-at="2021-02-01T14:05:54 EST" name="test" finished-at="2021-02-01T14:05:54 EST" duration-ms="14" status="PASS">
          <reporter-output>
          </reporter-output>
        </test-method> <!-- test -->
        <test-method is-config="true" signature="afterMethod()[pri:0, instance:TestNG.All_annotations_execution@2d52216b]" started-at="2021-02-01T14:05:54 EST" name="afterMethod" finished-at="2021-02-01T14:05:54 EST" duration-ms="0" status="PASS">
          <reporter-output>
          </reporter-output>
        </test-method> <!-- afterMethod -->
        <test-method is-config="true" signature="beforeMethod()[pri:0, instance:TestNG.All_annotations_execution@2d52216b]" started-at="2021-02-01T14:05:54 EST" name="beforeMethod" finished-at="2021-02-01T14:05:54 EST" duration-ms="1" status="PASS">
          <reporter-output>
          </reporter-output>
        </test-method> <!-- beforeMethod -->
        <test-method signature="test2()[pri:1, instance:TestNG.All_annotations_execution@2d52216b]" started-at="2021-02-01T14:05:54 EST" name="test2" finished-at="2021-02-01T14:05:54 EST" duration-ms="2" status="PASS">
          <reporter-output>
          </reporter-output>
        </test-method> <!-- test2 -->
        <test-method is-config="true" signature="afterMethod()[pri:0, instance:TestNG.All_annotations_execution@2d52216b]" started-at="2021-02-01T14:05:54 EST" name="afterMethod" finished-at="2021-02-01T14:05:54 EST" duration-ms="1" status="PASS">
          <reporter-output>
          </reporter-output>
        </test-method> <!-- afterMethod -->
        <test-method is-config="true" signature="afterClass()[pri:0, instance:TestNG.All_annotations_execution@2d52216b]" started-at="2021-02-01T14:05:54 EST" name="afterClass" finished-at="2021-02-01T14:05:54 EST" duration-ms="1" status="PASS">
          <reporter-output>
          </reporter-output>
        </test-method> <!-- afterClass -->
        <test-method is-config="true" signature="afterTest()[pri:0, instance:TestNG.All_annotations_execution@2d52216b]" started-at="2021-02-01T14:05:54 EST" name="afterTest" finished-at="2021-02-01T14:05:54 EST" duration-ms="1" status="PASS">
          <reporter-output>
          </reporter-output>
        </test-method> <!-- afterTest -->
        <test-method is-config="true" signature="afterSuite()[pri:0, instance:TestNG.All_annotations_execution@2d52216b]" started-at="2021-02-01T14:05:54 EST" name="afterSuite" finished-at="2021-02-01T14:05:54 EST" duration-ms="0" status="PASS">
          <reporter-output>
          </reporter-output>
        </test-method> <!-- afterSuite -->
      </class> <!-- TestNG.All_annotations_execution -->
    </test> <!-- Default test -->
  </suite> <!-- Default suite -->
</testng-results>
