<?xml version="1.0" encoding="UTF-8"?>
<!-- Generated by org.testng.reporters.JUnitXMLReporter -->
<testsuite ignored="1" hostname="DESKTOP-F40K7Q7" failures="0" tests="7" name="TestSuiteDemo" time="44.505" errors="0" timestamp="2020-12-08T15:17:07 EST">
  <testcase classname="TestNG.priorityTestCases" name="validateTitle" time="0.043"/>
  <testcase classname="TestNG.priorityTestCases" name="validateEmail" time="0.142"/>
  <testcase classname="TestNG.priorityTestCases" name="validatePassword" time="0.043"/>
  <testcase classname="TestNG.priorityTestCases" name="validateLogInButton" time="0.044"/>
  <testcase classname="TestNG.DemoTest1" name="validateTitle" time="0.01"/>
  <testcase classname="TestNG.All_annotations_execution" name="test" time="0.001"/>
  <testcase classname="TestNG.All_annotations_execution" name="test2" time="0.001"/>
  <testcase classname="TestNG.priorityTestCases" name="forgotPassword" time="0.0">
    <ignored/>
  </testcase> <!-- forgotPassword -->
</testsuite> <!-- TestSuiteDemo -->
